生成启动时间为 2020/4/27 星期一 9:45:57。
     1>项目“C:\Users\Admin\documents\visual studio 2013\Projects\ConsoleAlarm\ConsoleAlarm\ConsoleAlarm.vcxproj”在节点 2 上(Build 个目标)。
     1>ClCompile:
         D:\EDownload\Visual Studio 2013 Ultimate\VC\bin\CL.exe /c /ZI /nologo /W3 /WX- /Od /Oy- /D WIN32 /D _DEBUG /D _CONSOLE /D _LIB /D _UNICODE /D UNICODE /Gm /EHsc /RTC1 /MDd /GS /fp:precise /Zc:wchar_t /Zc:forScope /Fo"Debug\\" /Fd"Debug\vc120.pdb" /Gd /TP /analyze- /errorReport:prompt main.cpp
         main.cpp
     1>c:\users\admin\documents\visual studio 2013\projects\consolealarm\consolealarm\main.cpp(97): warning C4996: 'getch': The POSIX name for this item is deprecated. Instead, use the ISO C++ conformant name: _getch. See online help for details.
                 d:\edownload\visual studio 2013 ultimate\vc\include\conio.h(131) : 参见“getch”的声明
     1>c:\users\admin\documents\visual studio 2013\projects\consolealarm\consolealarm\main.cpp(137): warning C4996: 'getch': The POSIX name for this item is deprecated. Instead, use the ISO C++ conformant name: _getch. See online help for details.
                 d:\edownload\visual studio 2013 ultimate\vc\include\conio.h(131) : 参见“getch”的声明
     1>c:\users\admin\documents\visual studio 2013\projects\consolealarm\consolealarm\main.cpp(144): warning C4129: “s”: 不可识别的字符转义序列
     1>c:\users\admin\documents\visual studio 2013\projects\consolealarm\consolealarm\main.cpp(251): warning C4996: 'getch': The POSIX name for this item is deprecated. Instead, use the ISO C++ conformant name: _getch. See online help for details.
                 d:\edownload\visual studio 2013 ultimate\vc\include\conio.h(131) : 参见“getch”的声明
     1>c:\users\admin\documents\visual studio 2013\projects\consolealarm\consolealarm\main.cpp(280): warning C4996: 'getch': The POSIX name for this item is deprecated. Instead, use the ISO C++ conformant name: _getch. See online help for details.
                 d:\edownload\visual studio 2013 ultimate\vc\include\conio.h(131) : 参见“getch”的声明
     1>c:\users\admin\documents\visual studio 2013\projects\consolealarm\consolealarm\main.cpp(335): warning C4996: 'localtime': This function or variable may be unsafe. Consider using localtime_s instead. To disable deprecation, use _CRT_SECURE_NO_WARNINGS. See online help for details.
                 d:\edownload\visual studio 2013 ultimate\vc\include\time.inl(112) : 参见“localtime”的声明
     1>c:\users\admin\documents\visual studio 2013\projects\consolealarm\consolealarm\main.cpp(411): warning C4996: 'scanf': This function or variable may be unsafe. Consider using scanf_s instead. To disable deprecation, use _CRT_SECURE_NO_WARNINGS. See online help for details.
                 d:\edownload\visual studio 2013 ultimate\vc\include\stdio.h(283) : 参见“scanf”的声明
       Link:
         D:\EDownload\Visual Studio 2013 Ultimate\VC\bin\link.exe /ERRORREPORT:PROMPT /OUT:"C:\Users\Admin\documents\visual studio 2013\Projects\ConsoleAlarm\Debug\ConsoleAlarm.exe" /INCREMENTAL /NOLOGO kernel32.lib user32.lib gdi32.lib winspool.lib comdlg32.lib advapi32.lib shell32.lib ole32.lib oleaut32.lib uuid.lib odbc32.lib odbccp32.lib /MANIFEST /MANIFESTUAC:"level='asInvoker' uiAccess='false'" /manifest:embed /DEBUG /PDB:"C:\Users\Admin\documents\visual studio 2013\Projects\ConsoleAlarm\Debug\ConsoleAlarm.pdb" /SUBSYSTEM:CONSOLE /TLBID:1 /DYNAMICBASE /NXCOMPAT /IMPLIB:"C:\Users\Admin\documents\visual studio 2013\Projects\ConsoleAlarm\Debug\ConsoleAlarm.lib" /MACHINE:X86 Debug\main.obj
         ConsoleAlarm.vcxproj -> C:\Users\Admin\documents\visual studio 2013\Projects\ConsoleAlarm\Debug\ConsoleAlarm.exe
     1>已完成生成项目“C:\Users\Admin\documents\visual studio 2013\Projects\ConsoleAlarm\ConsoleAlarm\ConsoleAlarm.vcxproj”(Build 个目标)的操作。

生成成功。

已用时间 00:00:02.44
